16:55:45.836 INFO - Launching a standalone Selenium Server
16:55:45.875 INFO - Java: Oracle Corporation 24.121-b00
16:55:45.875 INFO - OS: Linux 4.4.0-47-generic amd64
16:55:45.893 INFO - v2.53.0, with Core v2.53.0. Built from revision 35ae25b
16:55:45.986 INFO - Driver provider org.openqa.selenium.ie.InternetExplorerDriver registration is skipped:
registration capabilities Capabilities [{platform=WINDOWS, ensureCleanSession=true, browserName=internet explorer, version=}] does not match the current platform LINUX
16:55:45.987 INFO - Driver provider org.openqa.selenium.edge.EdgeDriver registration is skipped:
registration capabilities Capabilities [{platform=WINDOWS, browserName=MicrosoftEdge, version=}] does not match the current platform LINUX
16:55:45.987 INFO - Driver class not found: com.opera.core.systems.OperaDriver
16:55:45.987 INFO - Driver provider com.opera.core.systems.OperaDriver is not registered
16:55:45.988 INFO - Driver provider org.openqa.selenium.safari.SafariDriver registration is skipped:
registration capabilities Capabilities [{platform=MAC, browserName=safari, version=}] does not match the current platform LINUX
16:55:45.989 INFO - Driver class not found: org.openqa.selenium.htmlunit.HtmlUnitDriver
16:55:45.989 INFO - Driver provider org.openqa.selenium.htmlunit.HtmlUnitDriver is not registered
16:55:46.064 INFO - RemoteWebDriver instances should connect to: http://127.0.0.1:4444/wd/hub
16:55:46.064 INFO - Selenium Server is up and running
16:55:46.596 INFO - Executing: [new session: Capabilities [{platform=ANY, acceptSslCerts=true, javascriptEnabled=true, browserName=chrome, name=E2e, chromeOptions={args=[Mozilla/5.0 (iPhone; CPU iPhone OS 5_0 like Mac OS X) AppleWebKit/534.46
            (KHTML, like Gecko) Version/5.1 Mobile/9A334 Safari/7534.48.3, --window-size=640,1136]}}]])
16:55:46.611 INFO - Creating a new session for Capabilities [{platform=ANY, acceptSslCerts=true, javascriptEnabled=true, browserName=chrome, name=E2e, chromeOptions={args=[Mozilla/5.0 (iPhone; CPU iPhone OS 5_0 like Mac OS X) AppleWebKit/534.46
            (KHTML, like Gecko) Version/5.1 Mobile/9A334 Safari/7534.48.3, --window-size=640,1136]}}]
Starting ChromeDriver 2.27.440175 (9bc1d90b8bfa4dd181fbbf769a5eb5e575574320) on port 18831
Only local connections are allowed.
16:55:47.739 INFO - Done: [new session: Capabilities [{platform=ANY, acceptSslCerts=true, javascriptEnabled=true, browserName=chrome, name=E2e, chromeOptions={args=[Mozilla/5.0 (iPhone; CPU iPhone OS 5_0 like Mac OS X) AppleWebKit/534.46
            (KHTML, like Gecko) Version/5.1 Mobile/9A334 Safari/7534.48.3, --window-size=640,1136]}}]]
16:55:47.758 INFO - Executing: [get: http://nelisa123.projectcodex.co/login])
16:55:52.438 INFO - Done: [get: http://nelisa123.projectcodex.co/login]
16:55:52.454 INFO - Executing: [find elements: By.cssSelector: body])
16:55:52.514 INFO - Done: [find elements: By.cssSelector: body]
16:55:52.518 INFO - Executing: [is displayed: 0 [[ChromeDriver: chrome on LINUX (151f8ca93ab223882eb347064520724f)] -> css selector: body]])
16:55:52.546 INFO - Done: [is displayed: 0 [[ChromeDriver: chrome on LINUX (151f8ca93ab223882eb347064520724f)] -> css selector: body]]
16:55:52.552 INFO - Executing: [get title])
16:55:52.560 INFO - Done: [get title]
16:55:52.567 INFO - Executing: [find element: By.cssSelector: input[type=text]])
16:55:52.596 INFO - Done: [find element: By.cssSelector: input[type=text]]
16:55:52.600 INFO - Executing: [is displayed: 1 [[ChromeDriver: chrome on LINUX (151f8ca93ab223882eb347064520724f)] -> css selector: input[type=text]]])
16:55:52.628 INFO - Done: [is displayed: 1 [[ChromeDriver: chrome on LINUX (151f8ca93ab223882eb347064520724f)] -> css selector: input[type=text]]]
16:55:52.634 INFO - Executing: [find element: By.cssSelector: input[name=username]])
16:55:52.663 INFO - Done: [find element: By.cssSelector: input[name=username]]
16:55:52.667 INFO - Executing: [is displayed: 1 [[ChromeDriver: chrome on LINUX (151f8ca93ab223882eb347064520724f)] -> css selector: input[type=text]]])
16:55:52.679 INFO - Done: [is displayed: 1 [[ChromeDriver: chrome on LINUX (151f8ca93ab223882eb347064520724f)] -> css selector: input[type=text]]]
16:55:52.684 INFO - Executing: [find element: By.cssSelector: input[name=password]])
16:55:52.713 INFO - Done: [find element: By.cssSelector: input[name=password]]
16:55:52.716 INFO - Executing: [is displayed: 2 [[ChromeDriver: chrome on LINUX (151f8ca93ab223882eb347064520724f)] -> css selector: input[name=password]]])
16:55:52.746 INFO - Done: [is displayed: 2 [[ChromeDriver: chrome on LINUX (151f8ca93ab223882eb347064520724f)] -> css selector: input[name=password]]]
16:55:52.750 INFO - Executing: [find element: By.cssSelector: input[type=text]])
16:55:52.762 INFO - Done: [find element: By.cssSelector: input[type=text]]
16:55:52.768 INFO - Executing: [send keys: 1 [[ChromeDriver: chrome on LINUX (151f8ca93ab223882eb347064520724f)] -> css selector: input[type=text]], [n, e, l, i, s, a]])
16:55:52.866 INFO - Done: [send keys: 1 [[ChromeDriver: chrome on LINUX (151f8ca93ab223882eb347064520724f)] -> css selector: input[type=text]], [n, e, l, i, s, a]]
16:55:52.871 INFO - Executing: [find element: By.cssSelector: input[type=password]])
16:55:52.908 INFO - Done: [find element: By.cssSelector: input[type=password]]
16:55:52.914 INFO - Executing: [send keys: 2 [[ChromeDriver: chrome on LINUX (151f8ca93ab223882eb347064520724f)] -> css selector: input[name=password]], [p, a, s, s]])
16:55:53.002 INFO - Done: [send keys: 2 [[ChromeDriver: chrome on LINUX (151f8ca93ab223882eb347064520724f)] -> css selector: input[name=password]], [p, a, s, s]]
16:55:53.016 INFO - Executing: [find elements: By.cssSelector: button[class="btn btn-default-outline waves-effect glyphicon glyphicon-plus-sign"]])
16:55:53.049 INFO - Done: [find elements: By.cssSelector: button[class="btn btn-default-outline waves-effect glyphicon glyphicon-plus-sign"]]
16:55:53.057 INFO - Executing: [is displayed: 3 [[ChromeDriver: chrome on LINUX (151f8ca93ab223882eb347064520724f)] -> css selector: button[class="btn btn-default-outline waves-effect glyphicon glyphicon-plus-sign"]]])
16:55:53.090 INFO - Done: [is displayed: 3 [[ChromeDriver: chrome on LINUX (151f8ca93ab223882eb347064520724f)] -> css selector: button[class="btn btn-default-outline waves-effect glyphicon glyphicon-plus-sign"]]]
16:55:53.100 INFO - Executing: [find element: By.cssSelector: button[class=btn btn-default-outline waves-effect glyphicon glyphicon-plus-sign]])
16:55:53.801 WARN - Exception thrown
org.openqa.selenium.InvalidSelectorException: invalid selector: An invalid or illegal selector was specified
  (Session info: chrome=56.0.2924.76)
  (Driver info: chromedriver=2.27.440175 (9bc1d90b8bfa4dd181fbbf769a5eb5e575574320),platform=Linux 4.4.0-47-generic x86_64) (WARNING: The server did not provide any stacktrace information)
Command duration or timeout: 37 milliseconds
For documentation on this error, please visit: http://seleniumhq.org/exceptions/invalid_selector_exception.html
Build info: version: '2.53.0', revision: '35ae25b', time: '2016-03-15 17:00:58'
System info: host: 'codexadmin-Inspiron-3542', ip: '127.0.1.1', os.name: 'Linux', os.arch: 'amd64', os.version: '4.4.0-47-generic', java.version: '1.7.0_121'
*** Element info: {Using=css selector, value=button[class=btn btn-default-outline waves-effect glyphicon glyphicon-plus-sign]}
Session ID: 151f8ca93ab223882eb347064520724f
Driver info: org.openqa.selenium.chrome.ChromeDriver
Capabilities [{platform=LINUX, acceptSslCerts=true, javascriptEnabled=true, browserName=chrome, chrome={userDataDir=/tmp/.org.chromium.Chromium.BMDDvN, chromedriverVersion=2.27.440175 (9bc1d90b8bfa4dd181fbbf769a5eb5e575574320)}, networkConnectionEnabled=false, unexpectedAlertBehaviour=, rotatable=false, locationContextEnabled=true, mobileEmulationEnabled=false, version=56.0.2924.76, pageLoadStrategy=normal, takesHeapSnapshot=true, cssSelectorsEnabled=true, databaseEnabled=false, handlesAlerts=true, browserConnectionEnabled=false, webStorageEnabled=true, nativeEvents=true, hasTouchScreen=false, applicationCacheEnabled=false, takesScreenshot=true}]
	at sun.reflect.NativeConstructorAccessorImpl.newInstance0(Native Method)
	at sun.reflect.NativeConstructorAccessorImpl.newInstance(NativeConstructorAccessorImpl.java:57)
	at sun.reflect.DelegatingConstructorAccessorImpl.newInstance(DelegatingConstructorAccessorImpl.java:45)
	at java.lang.reflect.Constructor.newInstance(Constructor.java:526)
	at org.openqa.selenium.remote.ErrorHandler.createThrowable(ErrorHandler.java:206)
	at org.openqa.selenium.remote.ErrorHandler.throwIfResponseFailed(ErrorHandler.java:158)
	at org.openqa.selenium.remote.RemoteWebDriver.execute(RemoteWebDriver.java:678)
	at org.openqa.selenium.remote.RemoteWebDriver.findElement(RemoteWebDriver.java:363)
	at org.openqa.selenium.remote.RemoteWebDriver.findElementByCssSelector(RemoteWebDriver.java:492)
	at org.openqa.selenium.By$ByCssSelector.findElement(By.java:430)
	at org.openqa.selenium.remote.RemoteWebDriver.findElement(RemoteWebDriver.java:355)
	at sun.reflect.NativeMethodAccessorImpl.invoke0(Native Method)
	at sun.reflect.NativeMethodAccessorImpl.invoke(NativeMethodAccessorImpl.java:57)
	at sun.reflect.DelegatingMethodAccessorImpl.invoke(DelegatingMethodAccessorImpl.java:43)
	at java.lang.reflect.Method.invoke(Method.java:606)
	at org.openqa.selenium.support.events.EventFiringWebDriver$2.invoke(EventFiringWebDriver.java:103)
	at com.sun.proxy.$Proxy1.findElement(Unknown Source)
	at org.openqa.selenium.support.events.EventFiringWebDriver.findElement(EventFiringWebDriver.java:188)
	at org.openqa.selenium.remote.server.handler.FindElement.call(FindElement.java:48)
	at org.openqa.selenium.remote.server.handler.FindElement.call(FindElement.java:1)
	at java.util.concurrent.FutureTask.run(FutureTask.java:262)
	at org.openqa.selenium.remote.server.DefaultSession$1.run(DefaultSession.java:176)
	at java.util.concurrent.ThreadPoolExecutor.runWorker(ThreadPoolExecutor.java:1145)
	at java.util.concurrent.ThreadPoolExecutor$Worker.run(ThreadPoolExecutor.java:615)
	at java.lang.Thread.run(Thread.java:745)
16:55:53.805 WARN - Exception: invalid selector: An invalid or illegal selector was specified
  (Session info: chrome=56.0.2924.76)
  (Driver info: chromedriver=2.27.440175 (9bc1d90b8bfa4dd181fbbf769a5eb5e575574320),platform=Linux 4.4.0-47-generic x86_64) (WARNING: The server did not provide any stacktrace information)
Command duration or timeout: 37 milliseconds
For documentation on this error, please visit: http://seleniumhq.org/exceptions/invalid_selector_exception.html
Build info: version: '2.53.0', revision: '35ae25b', time: '2016-03-15 17:00:58'
System info: host: 'codexadmin-Inspiron-3542', ip: '127.0.1.1', os.name: 'Linux', os.arch: 'amd64', os.version: '4.4.0-47-generic', java.version: '1.7.0_121'
*** Element info: {Using=css selector, value=button[class=btn btn-default-outline waves-effect glyphicon glyphicon-plus-sign]}
Session ID: 151f8ca93ab223882eb347064520724f
Driver info: org.openqa.selenium.chrome.ChromeDriver
Capabilities [{platform=LINUX, acceptSslCerts=true, javascriptEnabled=true, browserName=chrome, chrome={userDataDir=/tmp/.org.chromium.Chromium.BMDDvN, chromedriverVersion=2.27.440175 (9bc1d90b8bfa4dd181fbbf769a5eb5e575574320)}, networkConnectionEnabled=false, unexpectedAlertBehaviour=, rotatable=false, locationContextEnabled=true, mobileEmulationEnabled=false, version=56.0.2924.76, pageLoadStrategy=normal, takesHeapSnapshot=true, cssSelectorsEnabled=true, databaseEnabled=false, handlesAlerts=true, browserConnectionEnabled=false, webStorageEnabled=true, nativeEvents=true, hasTouchScreen=false, applicationCacheEnabled=false, takesScreenshot=true}]
16:55:59.008 INFO - Executing: [delete session: 7bd31431-bebf-4a11-88e7-fe8880207562])
16:55:59.084 INFO - Done: [delete session: 7bd31431-bebf-4a11-88e7-fe8880207562]
